<?xml version="1.0" encoding="UTF-8"?>
<testsuite xmlns:xsi="http://www.w3.org/2001/XMLSchema-instance" xsi:noNamespaceSchemaLocation="https://maven.apache.org/surefire/maven-surefire-plugin/xsd/surefire-test-report.xsd" name="org.apache.commons.pool2.TestBaseObjectPool" time="0.001" tests="17" errors="0" skipped="0" failures="0">
  <properties>
[...]
</properties>
  <testcase name="testBaseBorrow" classname="org.apache.commons.pool2.TestBaseObjectPool" time="0"/>
  <testcase name="testClose" classname="org.apache.commons.pool2.TestBaseObjectPool" time="0"/>
  <testcase name="testBaseClear" classname="org.apache.commons.pool2.TestBaseObjectPool" time="0"/>
  <testcase name="testBaseNumActiveNumIdle" classname="org.apache.commons.pool2.TestBaseObjectPool" time="0"/>
  <testcase name="testUnsupportedOperations" classname="org.apache.commons.pool2.TestBaseObjectPool" time="0"/>
  <testcase name="testBaseInvalidateObject" classname="org.apache.commons.pool2.TestBaseObjectPool" time="0"/>
  <testcase name="testBaseBorrowReturn" classname="org.apache.commons.pool2.TestBaseObjectPool" time="0"/>
  <testcase name="testBaseClosePool" classname="org.apache.commons.pool2.TestBaseObjectPool" time="0"/>
  <testcase name="testBaseAddObject" classname="org.apache.commons.pool2.TestBaseObjectPool" time="0"/>
  <testcase name="testPOFInvalidateObjectUsages" classname="org.apache.commons.pool2.TestBaseObjectPool" time="0"/>
  <testcase name="testPOFAddObjectUsage" classname="org.apache.commons.pool2.TestBaseObjectPool" time="0"/>
  <testcase name="testPOFCloseUsages" classname="org.apache.commons.pool2.TestBaseObjectPool" time="0"/>
  <testcase name="testToString" classname="org.apache.commons.pool2.TestBaseObjectPool" time="0"/>
  <testcase name="testClosedPoolBehavior" classname="org.apache.commons.pool2.TestBaseObjectPool" time="0"/>
  <testcase name="testPOFBorrowObjectUsages" classname="org.apache.commons.pool2.TestBaseObjectPool" time="0"/>
  <testcase name="testPOFReturnObjectUsages" classname="org.apache.commons.pool2.TestBaseObjectPool" time="0"/>
  <testcase name="testPOFClearUsages" classname="org.apache.commons.pool2.TestBaseObjectPool" time="0"/>
</testsuite>