<?xml version="1.0" encoding="UTF-8"?>
<testsuite xmlns:xsi="http://www.w3.org/2001/XMLSchema-instance" xsi:noNamespaceSchemaLocation="https://maven.apache.org/surefire/maven-surefire-plugin/xsd/surefire-test-report-3.0.xsd" version="3.0" name="org.apache.commons.lang3.builder.ReflectionToStringBuilderExcludeNullValuesTest" time="0" tests="5" errors="0" skipped="0" failures="0">
  <properties>
[...]
</properties>
  <testcase name="test_ConstructorOption_ExcludeNull" classname="org.apache.commons.lang3.builder.ReflectionToStringBuilderExcludeNullValuesTest" time="0"/>
  <testcase name="test_NonExclude" classname="org.apache.commons.lang3.builder.ReflectionToStringBuilderExcludeNullValuesTest" time="0"/>
  <testcase name="test_ConstructorOptionNormal" classname="org.apache.commons.lang3.builder.ReflectionToStringBuilderExcludeNullValuesTest" time="0"/>
  <testcase name="test_excludeNull" classname="org.apache.commons.lang3.builder.ReflectionToStringBuilderExcludeNullValuesTest" time="0"/>
  <testcase name="test_ConstructorOption" classname="org.apache.commons.lang3.builder.ReflectionToStringBuilderExcludeNullValuesTest" time="0"/>
</testsuite>