<?xml version="1.0" encoding="UTF-8"?>
<testsuite xmlns:xsi="http://www.w3.org/2001/XMLSchema-instance" xsi:noNamespaceSchemaLocation="https://maven.apache.org/surefire/maven-surefire-plugin/xsd/surefire-test-report-3.0.xsd" version="3.0" name="org.apache.commons.lang3.ArrayUtilsRemoveMultipleTest" time="0.016" tests="55" errors="0" skipped="0" failures="0">
  <properties>
[...]
</properties>
  <testcase name="testRemoveAllBooleanArray" classname="org.apache.commons.lang3.ArrayUtilsRemoveMultipleTest" time="0"/>
  <testcase name="testRemoveAllNullShortArray" classname="org.apache.commons.lang3.ArrayUtilsRemoveMultipleTest" time="0"/>
  <testcase name="testRemoveElementsObjectArray" classname="org.apache.commons.lang3.ArrayUtilsRemoveMultipleTest" time="0"/>
  <testcase name="testRemoveAllFloatArrayNegativeIndex" classname="org.apache.commons.lang3.ArrayUtilsRemoveMultipleTest" time="0.001"/>
  <testcase name="testRemoveAllByteArrayRemoveNone" classname="org.apache.commons.lang3.ArrayUtilsRemoveMultipleTest" time="0"/>
  <testcase name="testRemoveAllIntArrayRemoveNone" classname="org.apache.commons.lang3.ArrayUtilsRemoveMultipleTest" time="0"/>
  <testcase name="testRemoveAllLongArrayOutOfBoundsIndex" classname="org.apache.commons.lang3.ArrayUtilsRemoveMultipleTest" time="0"/>
  <testcase name="testRemoveAllShortArrayNegativeIndex" classname="org.apache.commons.lang3.ArrayUtilsRemoveMultipleTest" time="0.001"/>
  <testcase name="testRemoveAllObjectArrayOutOfBoundsIndex" classname="org.apache.commons.lang3.ArrayUtilsRemoveMultipleTest" time="0"/>
  <testcase name="testRemoveAllDoubleArrayRemoveNone" classname="org.apache.commons.lang3.ArrayUtilsRemoveMultipleTest" time="0"/>
  <testcase name="testRemoveAllNullByteArray" classname="org.apache.commons.lang3.ArrayUtilsRemoveMultipleTest" time="0.001"/>
  <testcase name="testRemoveElementLongArray" classname="org.apache.commons.lang3.ArrayUtilsRemoveMultipleTest" time="0"/>
  <testcase name="testRemoveAllNullDoubleArray" classname="org.apache.commons.lang3.ArrayUtilsRemoveMultipleTest" time="0"/>
  <testcase name="testRemoveAllDoubleArrayOutOfBoundsIndex" classname="org.apache.commons.lang3.ArrayUtilsRemoveMultipleTest" time="0"/>
  <testcase name="testRemoveAllNullObjectArray" classname="org.apache.commons.lang3.ArrayUtilsRemoveMultipleTest" time="0"/>
  <testcase name="testRemoveAllCharArrayRemoveNone" classname="org.apache.commons.lang3.ArrayUtilsRemoveMultipleTest" time="0"/>
  <testcase name="testRemoveAllLongArrayRemoveNone" classname="org.apache.commons.lang3.ArrayUtilsRemoveMultipleTest" time="0"/>
  <testcase name="testRemoveAllObjectArrayNegativeIndex" classname="org.apache.commons.lang3.ArrayUtilsRemoveMultipleTest" time="0.001"/>
  <testcase name="testRemoveAllShortArrayOutOfBoundsIndex" classname="org.apache.commons.lang3.ArrayUtilsRemoveMultipleTest" time="0"/>
  <testcase name="testRemoveElementBooleanArray" classname="org.apache.commons.lang3.ArrayUtilsRemoveMultipleTest" time="0.001"/>
  <testcase name="testRemoveAllShortArrayRemoveNone" classname="org.apache.commons.lang3.ArrayUtilsRemoveMultipleTest" time="0"/>
  <testcase name="testRemoveAllNumberArray" classname="org.apache.commons.lang3.ArrayUtilsRemoveMultipleTest" time="0"/>
  <testcase name="testRemoveAllCharArray" classname="org.apache.commons.lang3.ArrayUtilsRemoveMultipleTest" time="0"/>
  <testcase name="testRemoveAllFloatArrayOutOfBoundsIndex" classname="org.apache.commons.lang3.ArrayUtilsRemoveMultipleTest" time="0"/>
  <testcase name="testRemoveAllShortArray" classname="org.apache.commons.lang3.ArrayUtilsRemoveMultipleTest" time="0"/>
  <testcase name="testRemoveAllNullBooleanArray" classname="org.apache.commons.lang3.ArrayUtilsRemoveMultipleTest" time="0"/>
  <testcase name="testRemoveAllNullIntArray" classname="org.apache.commons.lang3.ArrayUtilsRemoveMultipleTest" time="0.001"/>
  <testcase name="testRemoveElementFloatArray" classname="org.apache.commons.lang3.ArrayUtilsRemoveMultipleTest" time="0"/>
  <testcase name="testRemoveAllFloatArrayRemoveNone" classname="org.apache.commons.lang3.ArrayUtilsRemoveMultipleTest" time="0"/>
  <testcase name="testRemoveElementIntArray" classname="org.apache.commons.lang3.ArrayUtilsRemoveMultipleTest" time="0.001"/>
  <testcase name="testRemoveAllNullFloatArray" classname="org.apache.commons.lang3.ArrayUtilsRemoveMultipleTest" time="0"/>
  <testcase name="testRemoveAllBooleanArrayOutOfBoundsIndex" classname="org.apache.commons.lang3.ArrayUtilsRemoveMultipleTest" time="0.001"/>
  <testcase name="testRemoveAllByteArrayOutOfBoundsIndex" classname="org.apache.commons.lang3.ArrayUtilsRemoveMultipleTest" time="0"/>
  <testcase name="testRemoveAllByteArray" classname="org.apache.commons.lang3.ArrayUtilsRemoveMultipleTest" time="0"/>
  <testcase name="testRemoveElementCharArray" classname="org.apache.commons.lang3.ArrayUtilsRemoveMultipleTest" time="0"/>
  <testcase name="testRemoveAllCharArrayOutOfBoundsIndex" classname="org.apache.commons.lang3.ArrayUtilsRemoveMultipleTest" time="0.001"/>
  <testcase name="testRemoveAllLongArrayNegativeIndex" classname="org.apache.commons.lang3.ArrayUtilsRemoveMultipleTest" time="0"/>
  <testcase name="testRemoveAllCharArrayNegativeIndex" classname="org.apache.commons.lang3.ArrayUtilsRemoveMultipleTest" time="0"/>
  <testcase name="testRemoveAllIntArray" classname="org.apache.commons.lang3.ArrayUtilsRemoveMultipleTest" time="0"/>
  <testcase name="testRemoveAllByteArrayNegativeIndex" classname="org.apache.commons.lang3.ArrayUtilsRemoveMultipleTest" time="0.001"/>
  <testcase name="testRemoveAllNullLongArray" classname="org.apache.commons.lang3.ArrayUtilsRemoveMultipleTest" time="0"/>
  <testcase name="testRemoveAllIntArrayOutOfBoundsIndex" classname="org.apache.commons.lang3.ArrayUtilsRemoveMultipleTest" time="0"/>
  <testcase name="testRemoveElementByteArray" classname="org.apache.commons.lang3.ArrayUtilsRemoveMultipleTest" time="0.001"/>
  <testcase name="testRemoveAllBooleanArrayNegativeIndex" classname="org.apache.commons.lang3.ArrayUtilsRemoveMultipleTest" time="0"/>
  <testcase name="testRemoveAllObjectArrayRemoveNone" classname="org.apache.commons.lang3.ArrayUtilsRemoveMultipleTest" time="0"/>
  <testcase name="testRemoveAllDoubleArray" classname="org.apache.commons.lang3.ArrayUtilsRemoveMultipleTest" time="0"/>
  <testcase name="testRemoveAllBooleanArrayRemoveNone" classname="org.apache.commons.lang3.ArrayUtilsRemoveMultipleTest" time="0"/>
  <testcase name="testRemoveAllFloatArray" classname="org.apache.commons.lang3.ArrayUtilsRemoveMultipleTest" time="0"/>
  <testcase name="testRemoveAllObjectArray" classname="org.apache.commons.lang3.ArrayUtilsRemoveMultipleTest" time="0.001"/>
  <testcase name="testRemoveAllIntArrayNegativeIndex" classname="org.apache.commons.lang3.ArrayUtilsRemoveMultipleTest" time="0"/>
  <testcase name="testRemoveAllDoubleArrayNegativeIndex" classname="org.apache.commons.lang3.ArrayUtilsRemoveMultipleTest" time="0"/>
  <testcase name="testRemoveElementDoubleArray" classname="org.apache.commons.lang3.ArrayUtilsRemoveMultipleTest" time="0"/>
  <testcase name="testRemoveAllNullCharArray" classname="org.apache.commons.lang3.ArrayUtilsRemoveMultipleTest" time="0.001"/>
  <testcase name="testRemoveElementShortArray" classname="org.apache.commons.lang3.ArrayUtilsRemoveMultipleTest" time="0"/>
  <testcase name="testRemoveAllLongArray" classname="org.apache.commons.lang3.ArrayUtilsRemoveMultipleTest" time="0"/>
</testsuite>